[debug] [2025-04-22T08:47:17.030Z] ----------------------------------------------------------------------
[debug] [2025-04-22T08:47:17.032Z] Command:       C:\Program Files\nodejs\node.exe D:\SoftwareEngineer\GitHubActionPracticeII\node_modules\firebase-tools\lib\bin\firebase.js emulators:start
[debug] [2025-04-22T08:47:17.032Z] CLI Version:   14.2.0
[debug] [2025-04-22T08:47:17.032Z] Platform:      win32
[debug] [2025-04-22T08:47:17.032Z] Node Version:  v22.13.0
[debug] [2025-04-22T08:47:17.033Z] Time:          Tue Apr 22 2025 15:47:17 GMT+0700 (เวลาอินโดจีน)
[debug] [2025-04-22T08:47:17.033Z] ----------------------------------------------------------------------
[debug] 
[debug] [2025-04-22T08:47:17.191Z] > command requires scopes: ["email","openid","https://www.googleapis.com/auth/cloudplatformprojects.readonly","https://www.googleapis.com/auth/firebase","https://www.googleapis.com/auth/cloud-platform"]
[debug] [2025-04-22T08:47:17.192Z] > authorizing via signed-in user (6733296821@student.chula.ac.th)
[info] i  emulators: Starting emulators: hosting {"metadata":{"emulator":{"name":"hub"},"message":"Starting emulators: hosting"}}
[debug] [2025-04-22T08:47:17.198Z] [logging] Logging Emulator only supports listening on one address (127.0.0.1). Not listening on ::1
[debug] [2025-04-22T08:47:17.199Z] [hosting] Hosting Emulator only supports listening on one address (127.0.0.1). Not listening on ::1
[debug] [2025-04-22T08:47:17.199Z] assigned listening specs for emulators {"user":{"hub":[{"address":"127.0.0.1","family":"IPv4","port":4400},{"address":"::1","family":"IPv6","port":4400}],"logging":[{"address":"127.0.0.1","family":"IPv4","port":4500}],"hosting":[{"address":"127.0.0.1","family":"IPv4","port":5000}]},"metadata":{"message":"assigned listening specs for emulators"}}
[debug] [2025-04-22T08:47:17.202Z] [hub] writing locator at C:\Users\User\AppData\Local\Temp\hub-gggg-396f6.json
[debug] [2025-04-22T08:47:17.212Z] Checked if tokens are valid: true, expires at: 1745315143073
[debug] [2025-04-22T08:47:17.212Z] Checked if tokens are valid: true, expires at: 1745315143073
[debug] [2025-04-22T08:47:17.213Z] >>> [apiv2][query] GET https://firebasehosting.googleapis.com/v1beta1/projects/gggg-396f6/sites 
[debug] [2025-04-22T08:47:18.035Z] <<< [apiv2][status] GET https://firebasehosting.googleapis.com/v1beta1/projects/gggg-396f6/sites 200
[debug] [2025-04-22T08:47:18.035Z] <<< [apiv2][body] GET https://firebasehosting.googleapis.com/v1beta1/projects/gggg-396f6/sites {"sites":[{"name":"projects/gggg-396f6/sites/gggg-396f6","defaultUrl":"https://gggg-396f6.web.app","type":"DEFAULT_SITE"}]}
[debug] [2025-04-22T08:47:18.036Z] Checked if tokens are valid: true, expires at: 1745315143073
[debug] [2025-04-22T08:47:18.036Z] Checked if tokens are valid: true, expires at: 1745315143073
[debug] [2025-04-22T08:47:18.036Z] >>> [apiv2][query] GET https://firebase.googleapis.com/v1beta1/projects/gggg-396f6/webApps/-/config [none]
[debug] [2025-04-22T08:47:18.674Z] <<< [apiv2][status] GET https://firebase.googleapis.com/v1beta1/projects/gggg-396f6/webApps/-/config 200
[debug] [2025-04-22T08:47:18.674Z] <<< [apiv2][body] GET https://firebase.googleapis.com/v1beta1/projects/gggg-396f6/webApps/-/config {"projectId":"gggg-396f6","storageBucket":"gggg-396f6.firebasestorage.app","apiKey":"AIzaSyAmQqjss-9752AD_Q8iSQfN41l8qaJISOc","authDomain":"gggg-396f6.firebaseapp.com","messagingSenderId":"685372383637"}
[debug] [2025-04-22T08:47:18.685Z] Checked if tokens are valid: true, expires at: 1745315143073
[debug] [2025-04-22T08:47:18.686Z] Checked if tokens are valid: true, expires at: 1745315143073
[debug] [2025-04-22T08:47:18.686Z] >>> [apiv2][query] GET https://firebase.googleapis.com/v1beta1/projects/gggg-396f6 [none]
[debug] [2025-04-22T08:47:19.007Z] <<< [apiv2][status] GET https://firebase.googleapis.com/v1beta1/projects/gggg-396f6 200
[debug] [2025-04-22T08:47:19.008Z] <<< [apiv2][body] GET https://firebase.googleapis.com/v1beta1/projects/gggg-396f6 {"projectId":"gggg-396f6","projectNumber":"685372383637","displayName":"gggg","name":"projects/gggg-396f6","resources":{"hostingSite":"gggg-396f6"},"state":"ACTIVE","etag":"1_1e159013-322f-4dcb-a0d1-610d937c3ddc"}
[info] i  hosting[gggg-396f6]: Serving hosting files from: public {"metadata":{"emulator":{"name":"hosting"},"message":"Serving hosting files from: \u001b[1mpublic\u001b[22m"}}
[info] +  hosting[gggg-396f6]: Local server: http://127.0.0.1:5000 {"metadata":{"emulator":{"name":"hosting"},"message":"Local server: \u001b[4m\u001b[1mhttp://127.0.0.1:5000\u001b[22m\u001b[24m"}}
[warn] !  emulators: The Emulator UI is not starting, either because none of the running emulators have a UI component or the Emulator UI cannot determine the Project ID. Pass the --project flag to specify a project. {"metadata":{"emulator":{"name":"hub"},"message":"The Emulator UI is not starting, either because none of the running emulators have a UI component or the Emulator UI cannot determine the Project ID. Pass the --project flag to specify a project."}}
[debug] [2025-04-22T08:47:19.030Z] Could not find VSCode notification endpoint: FetchError: request to http://localhost:40001/vscode/notify failed, reason: . If you are not running the Firebase Data Connect VSCode extension, this is expected and not an issue.
[info] 
┌─────────────────────────────────────────────────────────────┐
│ ✔  All emulators ready! It is now safe to connect your app. │
└─────────────────────────────────────────────────────────────┘

┌──────────┬────────────────┐
│ Emulator │ Host:Port      │
├──────────┼────────────────┤
│ Hosting  │ 127.0.0.1:5000 │
└──────────┴────────────────┘
  Emulator Hub host: 127.0.0.1 port: 4400
  Other reserved ports: 4500

Issues? Report them at https://github.com/firebase/firebase-tools/issues and attach the *-debug.log files.
 
